var a;
undefined
typeof a;
'undefined'
a = 10;
10
typeof a;
'number'
a='Amit';
'Amit'
typeof a;
'string'
a = true;
true
typeof a;
'boolean'
var a = 100;
undefined
var b = a;
undefined
a;
100
b;
100
b + 200;
300
b;
100
b = b + 200;
300
a;
100
a=10;
10
typeof a;
'number'
a=11.2;
11.2
typeof a;
'number'
a=1111111111;
1111111111
typeof a;
'number'
a = Number.MAX_SAFE_INTEGER;
9007199254740991
++a;
9007199254740992
++a;
9007199254740992
a=46456479437689475687487458964;
4.645647943768947e+28
Number.isSafeInteger(a);
false
a= 100/"ten";
NaN
typeof a;
'number'
isNaN(a);
true
isNaN(a)?0:a;
0
a=10/0;
Infinity
typeof a;
'number'
a;
Infinity
isFinite(a)?a:0;
0
10 + "20":
VM756:1 Uncaught SyntaxError: Unexpected token ':'
10 + "20";
'1020'
10 + parseInt("20");
30
10 + parseFloat("20.90");
30.9
10 + Number("200.90")
210.9
a="Amit";
'Amit'
typeof a;
'string'
a = 'Amit';
'Amit'
typeof a;
'string'
a = `hgdkg
ghdkjhgf
ghdjk`;
'hgdkg\nghdkjhgf\nghdjk'
console.log(a);
VM1107:1 hgdkg
ghdkjhgf
ghdjk
undefined
10 + "10";
'1010'
+10
10
-10;
-10
+"10";
10
10 + +"10";
20
var name = "Tom";
a=`Welcome ${name}`;
'Welcome Tom'
a;
'Welcome Tom'
var name = "Tim";
a=`Welcome ${name}`;
'Welcome Tim'
var name = "Tim";
a=`Welcome `name;
VM1313:2 Uncaught SyntaxError: Unexpected identifier 'name'
var name = "Tim";
a="Welcome "+name;
'Welcome Tim'
var name = "Shyam";
var age = 22;
a=`Welcome ${name} and age is ${age}`
'Welcome Shyam and age is 22'
a = "Welcome "+name+" and age is "+age;
'Welcome Shyam and age is 22'
var name = "Shyam";
var age = 22;
a=`Welcome {name} and age is ${age}`
'Welcome {name} and age is 22'
var name = "Shyam";
var age = 22;
a=`Welcome ${name} and age is ${age}`
'Welcome Shyam and age is 22'
var canNAme = 'Tom';
var post = 'Web Dev'
`Dear ${canName},
                  Your Post is ${post}`;
VM1635:3 Uncaught ReferenceError: canName is not defined
    at <anonymous>:3:9
(anonymous) @ VM1635:3
var canName = 'Tom';
var post = 'Web Dev'
`Dear ${canName},
                  Your Post is ${post}`;
VM1640:3 Uncaught TypeError: "Web Dev" is not a function
    at <anonymous>:3:1
(anonymous) @ VM1640:3
var canName = 'Tom';
var post = 'Web Dev';
`Dear ${canName},
                  Your Post is ${post}`;
'Dear Tom,\n                  Your Post is Web Dev'
var canName = 'Tom';
var post = 'Web Dev';
console.log(`Dear ${canName},
                  Your Post is ${post}`);
VM1690:3 Dear Tom,
                  Your Post is Web Dev
undefined
var present = true;
undefined
typeof present;
'boolean'
true + true;
2
a = 5734987593487598347697498654769457689547n;
5734987593487598347697498654769457689547n
typeof a;
'bigint'
a = a + 53534535435645656n;
5734987593487598347697552189304893335203n
a = BigInt("534535328998921212121212");
534535328998921212121212n
a + 5555;
VM2031:1 Uncaught TypeError: Cannot mix BigInt and other types, use explicit conversions
    at <anonymous>:1:3
(anonymous) @ VM2031:1
a = Symbol();
Symbol()
a;
Symbol()
typeof a;
'symbol'
var b = Symbol();
undefined
a==b;
false
var arr = [10,20,30,40,50];
undefined
typeof arr;
'object'
arr.push(10000);
6
arr;
(6) [10, 20, 30, 40, 50, 10000]
arr.length;
6
var e = arr;
undefined
e[0]=1111;
1111
e;
(6) [1111, 20, 30, 40, 50, 10000]
arr;
(6) [1111, 20, 30, 40, 50, 10000]
arr = null;
null
arr;
null
e;
(6) [1111, 20, 30, 40, 50, 10000]
e=null;
null
arr;
null
e;
null
typeof null;
'object'
var a= 10;
undefined
typeof a;
'number'
a=null;
null
typeof a;
'object'
var g ;
undefined
var t = null;
undefined
typeof g;
'undefined'
typeof t;
'object'
10 + null;
10
10 + undefined;
NaN
null == undefined;
true
10 == "20"
false
10=="10"
true
10==="10"
false
10 ==parseInt("10")
true
Symbol();
Symbol()
Symbol() == Symbol();
false
