// Array Fn
undefined
var arr = [10,20,30,40,50];
undefined
typeof arr;
'object'
arr instanceof Array;
true
typeof Array;
'function'
arr.push(10);
6
arr;
(6) [10, 20, 30, 40, 50, 10]
arr.pop();
10
arr;
(5) [10, 20, 30, 40, 50]
arr.push(1000);
6
arr;
(6) [10, 20, 30, 40, 50, 1000]
arr.pop();
1000
arr;
(5) [10, 20, 30, 40, 50]
arr.shift();
10
arr;
(4) [20, 30, 40, 50]
arr.unshift(3333);
5
arr;
(5) [3333, 20, 30, 40, 50]
arr.splice(1);
(4) [20, 30, 40, 50]
arr;
[3333]
arr = [10,20,30,40,50];
(5) [10, 20, 30, 40, 50]
arr.splice(1,1);
[20]
arr;
(4) [10, 30, 40, 50]
arr.splice(1,2);
(2) [30, 40]
arr = [10,20,30,40,50];
(5) [10, 20, 30, 40, 50]
arr.splice(1,0,90);
[]
arr;
(6) [10, 90, 20, 30, 40, 50]
arr.splice(1,0,100,200,300,400);
[]
arr;
(10) [10, 100, 200, 300, 400, 90, 20, 30, 40, 50]
arr.splice(1,2,888,777);
(2) [100, 200]
arr;
(10) [10, 888, 777, 300, 400, 90, 20, 30, 40, 50]
arr;
(10) [10, 888, 777, 300, 400, 90, 20, 30, 40, 50]
for(let i = 0 ; i<arr.length; i++){
    console.log(arr[i]);
}
VM1258:2 10
VM1258:2 888
VM1258:2 777
VM1258:2 300
VM1258:2 400
VM1258:2 90
VM1258:2 20
VM1258:2 30
VM1258:2 40
VM1258:2 50
undefined
for(let i of arr){
    console.log(i);
}
VM1329:2 10
VM1329:2 888
VM1329:2 777
VM1329:2 300
VM1329:2 400
VM1329:2 90
VM1329:2 20
VM1329:2 30
VM1329:2 40
VM1329:2 50
undefined
arr.forEach
ƒ forEach() { [native code] }
arr.forEach(e=>console.log(e));
VM1447:1 10
VM1447:1 888
VM1447:1 777
VM1447:1 300
VM1447:1 400
VM1447:1 90
VM1447:1 20
VM1447:1 30
VM1447:1 40
VM1447:1 50
undefined
arr.forEach((e,i)=>console.log(e,i));
VM1556:1 10 0
VM1556:1 888 1
VM1556:1 777 2
VM1556:1 300 3
VM1556:1 400 4
VM1556:1 90 5
VM1556:1 20 6
VM1556:1 30 7
VM1556:1 40 8
VM1556:1 50 9
undefined
arr.forEach((e,i,a)=>console.log(e,i,a));
VM1590:1 10 0 (10) [10, 888, 777, 300, 400, 90, 20, 30, 40, 50]
VM1590:1 888 1 (10) [10, 888, 777, 300, 400, 90, 20, 30, 40, 50]
VM1590:1 777 2 (10) [10, 888, 777, 300, 400, 90, 20, 30, 40, 50]
VM1590:1 300 3 (10) [10, 888, 777, 300, 400, 90, 20, 30, 40, 50]
VM1590:1 400 4 (10) [10, 888, 777, 300, 400, 90, 20, 30, 40, 50]
VM1590:1 90 5 (10) [10, 888, 777, 300, 400, 90, 20, 30, 40, 50]
VM1590:1 20 6 (10) [10, 888, 777, 300, 400, 90, 20, 30, 40, 50]
VM1590:1 30 7 (10) [10, 888, 777, 300, 400, 90, 20, 30, 40, 50]
VM1590:1 40 8 (10) [10, 888, 777, 300, 400, 90, 20, 30, 40, 50]
VM1590:1 50 9 (10) [10, 888, 777, 300, 400, 90, 20, 30, 40, 50]
undefined
